app/build/intermediates/manifest_merge_blame_file/debug/manifest-merger-blame-debug-report.txt
1<?xml version="1.0" encoding="utf-8"?>
2<manifest xmlns:android="http://schemas.android.com/apk/res/android"
3    package="org.tensorflow.codelabs.objectdetection"
4    android:versionCode="1"
5    android:versionName="1.0" >
6
7    <uses-sdk
8        android:minSdkVersion="23"
8-->src\main\AndroidManifest.xml
9        android:targetSdkVersion="30" />
9-->src\main\AndroidManifest.xml
10
11    <queries>
11-->src\main\AndroidManifest.xml:4:5-8:15
12        <intent>
12-->src\main\AndroidManifest.xml:5:9-7:18
13            <action android:name="android.media.action.IMAGE_CAPTURE" />
13-->src\main\AndroidManifest.xml:6:13-73
13-->src\main\AndroidManifest.xml:6:21-70
14        </intent>
15    </queries>
16
17    <uses-permission android:name="android.permission.WRITE_EXTERNAL_STORAGE" />
18    <uses-permission android:name="android.permission.READ_PHONE_STATE" />
19    <uses-permission android:name="android.permission.READ_EXTERNAL_STORAGE" />
20
21    <application
21-->src\main\AndroidManifest.xml:10:5-34:19
22        android:allowBackup="true"
22-->src\main\AndroidManifest.xml:11:9-35
23        android:appComponentFactory="androidx.core.app.CoreComponentFactory"
23-->[androidx.core:core:1.3.2] AndroidManifest.xml:24:18-86
24        android:debuggable="true"
25        android:extractNativeLibs="false"
26        android:icon="@mipmap/ic_launcher"
26-->src\main\AndroidManifest.xml:12:9-43
27        android:label="@string/app_name"
27-->src\main\AndroidManifest.xml:13:9-41
28        android:roundIcon="@mipmap/ic_launcher_round"
28-->src\main\AndroidManifest.xml:14:9-54
29        android:supportsRtl="true"
29-->src\main\AndroidManifest.xml:15:9-35
30        android:theme="@style/Theme.ObjectDetection" >
30-->src\main\AndroidManifest.xml:16:9-53
31        <activity android:name="org.tensorflow.codelabs.objectdetection.MainActivity" >
31-->src\main\AndroidManifest.xml:17:9-23:20
31-->src\main\AndroidManifest.xml:17:19-86
32            <intent-filter>
32-->src\main\AndroidManifest.xml:18:13-22:29
33                <action android:name="android.intent.action.MAIN" />
33-->src\main\AndroidManifest.xml:19:17-69
33-->src\main\AndroidManifest.xml:19:25-66
34
35                <category android:name="android.intent.category.LAUNCHER" />
35-->src\main\AndroidManifest.xml:21:17-77
35-->src\main\AndroidManifest.xml:21:27-74
36            </intent-filter>
37        </activity>
38
39        <provider
39-->src\main\AndroidManifest.xml:25:9-33:20
40            android:name="androidx.core.content.FileProvider"
40-->src\main\AndroidManifest.xml:26:13-62
41            android:authorities="org.tensorflow.codelabs.objectdetection.fileprovider"
41-->src\main\AndroidManifest.xml:27:13-87
42            android:exported="false"
42-->src\main\AndroidManifest.xml:28:13-37
43            android:grantUriPermissions="true" >
43-->src\main\AndroidManifest.xml:29:13-47
44            <meta-data
44-->src\main\AndroidManifest.xml:30:13-32:54
45                android:name="android.support.FILE_PROVIDER_PATHS"
45-->src\main\AndroidManifest.xml:31:17-67
46                android:resource="@xml/file_paths" />
46-->src\main\AndroidManifest.xml:32:17-51
47        </provider>
48    </application>
49
50</manifest>